[debug] [2024-08-12T19:20:31.734Z] ----------------------------------------------------------------------
[debug] [2024-08-12T19:20:31.736Z] Command:       C:\Program Files\nodejs\node.exe C:\Users\HP\AppData\Roaming\npm\node_modules\firebase-tools\lib\bin\firebase.js init
[debug] [2024-08-12T19:20:31.737Z] CLI Version:   12.9.1
[debug] [2024-08-12T19:20:31.737Z] Platform:      win32
[debug] [2024-08-12T19:20:31.737Z] Node Version:  v18.20.0
[debug] [2024-08-12T19:20:31.741Z] Time:          Tue Aug 13 2024 00:50:31 GMT+0530 (India Standard Time)
[debug] [2024-08-12T19:20:31.741Z] ----------------------------------------------------------------------
[debug] 
[debug] [2024-08-12T19:20:31.800Z] > command requires scopes: ["email","openid","https://www.googleapis.com/auth/cloudplatformprojects.readonly","https://www.googleapis.com/auth/firebase","https://www.googleapis.com/auth/cloud-platform"]
[debug] [2024-08-12T19:20:31.800Z] > authorizing via signed-in user (abhishek.kp6239@gmail.com)
[info] 
     ######## #### ########  ######## ########     ###     ######  ########
     ##        ##  ##     ## ##       ##     ##  ##   ##  ##       ##
     ######    ##  ########  ######   ########  #########  ######  ######
     ##        ##  ##    ##  ##       ##     ## ##     ##       ## ##
     ##       #### ##     ## ######## ########  ##     ##  ######  ########

You're about to initialize a Firebase project in this directory:

  D:\Scriptbox\Pattykulcha

Before we get started, keep in mind:

  * You are initializing within an existing Firebase project directory

[info] 
=== Project Setup
[info] 
[info] First, let's associate this project directory with a Firebase project.
[info] You can create multiple project aliases by running firebase use --add, 
[info] but for now we'll just set up a default project.
[info] 
[debug] [2024-08-12T19:20:37.154Z] Using project from CLI flag: pattykulcha
[debug] [2024-08-12T19:20:37.157Z] >>> [apiv2][query] GET https://firebase.googleapis.com/v1beta1/projects/pattykulcha [none]
[debug] [2024-08-12T19:20:37.970Z] <<< [apiv2][status] GET https://firebase.googleapis.com/v1beta1/projects/pattykulcha 200
[debug] [2024-08-12T19:20:37.970Z] <<< [apiv2][body] GET https://firebase.googleapis.com/v1beta1/projects/pattykulcha {"projectId":"pattykulcha","projectNumber":"942855896373","displayName":"PattyKulcha","name":"projects/pattykulcha","resources":{"hostingSite":"pattykulcha"},"state":"ACTIVE","etag":"1_e1c1a730-7e91-4138-8828-67da946cfb18"}
[info] i  Using project pattykulcha (PattyKulcha) 
[info] 
=== Hosting Setup
[debug] [2024-08-12T19:20:37.974Z] >>> [apiv2][query] GET https://firebase.googleapis.com/v1beta1/projects/pattykulcha [none]
[debug] [2024-08-12T19:20:38.454Z] <<< [apiv2][status] GET https://firebase.googleapis.com/v1beta1/projects/pattykulcha 200
[debug] [2024-08-12T19:20:38.454Z] <<< [apiv2][body] GET https://firebase.googleapis.com/v1beta1/projects/pattykulcha {"projectId":"pattykulcha","projectNumber":"942855896373","displayName":"PattyKulcha","name":"projects/pattykulcha","resources":{"hostingSite":"pattykulcha"},"state":"ACTIVE","etag":"1_e1c1a730-7e91-4138-8828-67da946cfb18"}
[debug] [2024-08-12T19:22:40.220Z] ----------------------------------------------------------------------
[debug] [2024-08-12T19:22:40.225Z] Command:       C:\Program Files\nodejs\node.exe C:\Users\HP\AppData\Roaming\npm\node_modules\firebase-tools\lib\bin\firebase.js init
[debug] [2024-08-12T19:22:40.225Z] CLI Version:   12.9.1
[debug] [2024-08-12T19:22:40.226Z] Platform:      win32
[debug] [2024-08-12T19:22:40.226Z] Node Version:  v18.20.0
[debug] [2024-08-12T19:22:40.262Z] Time:          Tue Aug 13 2024 00:52:40 GMT+0530 (India Standard Time)
[debug] [2024-08-12T19:22:40.262Z] ----------------------------------------------------------------------
[debug] 
[debug] [2024-08-12T19:22:40.326Z] > command requires scopes: ["email","openid","https://www.googleapis.com/auth/cloudplatformprojects.readonly","https://www.googleapis.com/auth/firebase","https://www.googleapis.com/auth/cloud-platform"]
[debug] [2024-08-12T19:22:40.326Z] > authorizing via signed-in user (abhishek.kp6239@gmail.com)
[info] 
     ######## #### ########  ######## ########     ###     ######  ########
     ##        ##  ##     ## ##       ##     ##  ##   ##  ##       ##
     ######    ##  ########  ######   ########  #########  ######  ######
     ##        ##  ##    ##  ##       ##     ## ##     ##       ## ##
     ##       #### ##     ## ######## ########  ##     ##  ######  ########

You're about to initialize a Firebase project in this directory:

  D:\Scriptbox\Pattykulcha

Before we get started, keep in mind:

  * You are initializing within an existing Firebase project directory

[info] 
=== Project Setup
[info] 
[info] First, let's associate this project directory with a Firebase project.
[info] You can create multiple project aliases by running firebase use --add, 
[info] but for now we'll just set up a default project.
[info] 
[debug] [2024-08-12T19:22:45.768Z] Using project from CLI flag: pattykulcha
[debug] [2024-08-12T19:22:45.770Z] >>> [apiv2][query] GET https://firebase.googleapis.com/v1beta1/projects/pattykulcha [none]
[debug] [2024-08-12T19:22:46.553Z] <<< [apiv2][status] GET https://firebase.googleapis.com/v1beta1/projects/pattykulcha 200
[debug] [2024-08-12T19:22:46.553Z] <<< [apiv2][body] GET https://firebase.googleapis.com/v1beta1/projects/pattykulcha {"projectId":"pattykulcha","projectNumber":"942855896373","displayName":"PattyKulcha","name":"projects/pattykulcha","resources":{"hostingSite":"pattykulcha"},"state":"ACTIVE","etag":"1_e1c1a730-7e91-4138-8828-67da946cfb18"}
[info] i  Using project pattykulcha (PattyKulcha) 
[info] 
=== Hosting Setup
[debug] [2024-08-12T19:22:46.557Z] >>> [apiv2][query] GET https://firebase.googleapis.com/v1beta1/projects/pattykulcha [none]
[debug] [2024-08-12T19:22:47.192Z] <<< [apiv2][status] GET https://firebase.googleapis.com/v1beta1/projects/pattykulcha 200
[debug] [2024-08-12T19:22:47.192Z] <<< [apiv2][body] GET https://firebase.googleapis.com/v1beta1/projects/pattykulcha {"projectId":"pattykulcha","projectNumber":"942855896373","displayName":"PattyKulcha","name":"projects/pattykulcha","resources":{"hostingSite":"pattykulcha"},"state":"ACTIVE","etag":"1_e1c1a730-7e91-4138-8828-67da946cfb18"}
